vclibs/build/intermediates/manifest_merge_blame_file/release/manifest-merger-blame-release-report.txt
1<?xml version="1.0" encoding="utf-8"?>
2<manifest xmlns:android="http://schemas.android.com/apk/res/android"
3    package="com.gerop.mpsvue" >
4
5    <uses-sdk
6        android:minSdkVersion="21"
6-->src\main\AndroidManifest.xml
7        android:targetSdkVersion="32" />
7-->src\main\AndroidManifest.xml
8
9    <uses-feature android:name="android.hardware.camera" />
9-->src\main\AndroidManifest.xml:5:5-60
9-->src\main\AndroidManifest.xml:5:19-57
10    <uses-feature android:name="android.hardware.camera.front" />
10-->src\main\AndroidManifest.xml:6:5-66
10-->src\main\AndroidManifest.xml:6:19-63
11
12    <uses-permission android:name="android.permission.CAMERA" />
12-->src\main\AndroidManifest.xml:7:5-65
12-->src\main\AndroidManifest.xml:7:22-62
13
14    <uses-feature android:name="android.hardware.microphone" />
14-->src\main\AndroidManifest.xml:9:5-64
14-->src\main\AndroidManifest.xml:9:19-61
15
16    <uses-permission android:name="android.permission.RECORD_AUDIO" />
16-->src\main\AndroidManifest.xml:10:5-71
16-->src\main\AndroidManifest.xml:10:22-68
17    <uses-permission android:name="android.permission.MODIFY_AUDIO_SETTINGS" />
17-->src\main\AndroidManifest.xml:11:5-80
17-->src\main\AndroidManifest.xml:11:22-77
18    <uses-permission android:name="android.permission.BLUETOOTH" />
18-->src\main\AndroidManifest.xml:13:5-68
18-->src\main\AndroidManifest.xml:13:22-65
19    <uses-permission android:name="android.permission.BLUETOOTH_ADMIN" />
19-->src\main\AndroidManifest.xml:14:5-74
19-->src\main\AndroidManifest.xml:14:22-71
20    <uses-permission android:name="android.permission.INTERNET" />
20-->src\main\AndroidManifest.xml:16:5-67
20-->src\main\AndroidManifest.xml:16:22-64
21    <uses-permission android:name="android.permission.CHANGE_NETWORK_STATE" />
21-->src\main\AndroidManifest.xml:17:5-79
21-->src\main\AndroidManifest.xml:17:22-76
22    <uses-permission android:name="android.permission.ACCESS_NETWORK_STATE" />
22-->src\main\AndroidManifest.xml:18:5-79
22-->src\main\AndroidManifest.xml:18:22-76
23    <uses-permission android:name="android.permission.ACCESS_WIFI_STATE" />
23-->src\main\AndroidManifest.xml:19:5-76
23-->src\main\AndroidManifest.xml:19:22-73
24    <uses-permission android:name="android.permission.VIBRATE" />
24-->src\main\AndroidManifest.xml:21:5-66
24-->src\main\AndroidManifest.xml:21:22-63
25    <uses-permission android:name="android.permission.WAKE_LOCK" />
25-->src\main\AndroidManifest.xml:22:5-68
25-->src\main\AndroidManifest.xml:22:22-65
26    <uses-permission android:name="android.permission.FOREGROUND_SERVICE" />
26-->src\main\AndroidManifest.xml:23:5-77
26-->src\main\AndroidManifest.xml:23:22-74
27
28    <application
28-->src\main\AndroidManifest.xml:25:5-84:19
29        android:name="com.gerop.mpsvue.AppVC"
29-->src\main\AndroidManifest.xml:26:9-30
30        android:allowBackup="true"
30-->src\main\AndroidManifest.xml:27:9-35
31        android:icon="@drawable/logo"
31-->src\main\AndroidManifest.xml:28:9-38
32        android:label="@string/app_name"
32-->src\main\AndroidManifest.xml:29:9-41
33        android:roundIcon="@drawable/logo"
33-->src\main\AndroidManifest.xml:30:9-43
34        android:supportsRtl="true" >
34-->src\main\AndroidManifest.xml:31:9-35
35        <activity
35-->src\main\AndroidManifest.xml:33:9-35:52
36            android:name="com.gerop.mpsvue.activties.PravacyPolicyActivity"
36-->src\main\AndroidManifest.xml:34:13-76
37            android:screenOrientation="portrait" />
37-->src\main\AndroidManifest.xml:35:13-49
38        <activity
38-->src\main\AndroidManifest.xml:37:9-41:89
39            android:name="com.gerop.mpsvue.activties.MainHomeActivity"
39-->src\main\AndroidManifest.xml:38:13-71
40            android:launchMode="singleTop"
40-->src\main\AndroidManifest.xml:39:13-43
41            android:screenOrientation="portrait"
41-->src\main\AndroidManifest.xml:40:13-49
42            android:windowSoftInputMode="adjustNothing|stateAlwaysHidden|stateHidden" />
42-->src\main\AndroidManifest.xml:41:13-86
43        <activity
43-->src\main\AndroidManifest.xml:43:9-47:89
44            android:name="com.gerop.mpsvue.activties.VideoPlayerActivity"
44-->src\main\AndroidManifest.xml:44:13-74
45            android:launchMode="singleTop"
45-->src\main\AndroidManifest.xml:45:13-43
46            android:screenOrientation="portrait"
46-->src\main\AndroidManifest.xml:46:13-49
47            android:windowSoftInputMode="adjustNothing|stateAlwaysHidden|stateHidden" />
47-->src\main\AndroidManifest.xml:47:13-86
48
49        <meta-data
49-->src\main\AndroidManifest.xml:49:9-51:36
50            android:name="com.google.android.gms.ads.AD_MANAGER_APP"
50-->src\main\AndroidManifest.xml:50:13-69
51            android:value="true" />
51-->src\main\AndroidManifest.xml:51:13-33
52
53        <activity
53-->src\main\AndroidManifest.xml:53:9-55:52
54            android:name="com.gerop.mpsvue.unitlity.TestActivity_1"
54-->src\main\AndroidManifest.xml:54:13-68
55            android:screenOrientation="portrait" />
55-->src\main\AndroidManifest.xml:55:13-49
56        <activity
56-->src\main\AndroidManifest.xml:56:9-58:52
57            android:name="com.gerop.mpsvue.unitlity.TestActivity_2"
57-->src\main\AndroidManifest.xml:57:13-68
58            android:screenOrientation="portrait" />
58-->src\main\AndroidManifest.xml:58:13-49
59        <activity
59-->src\main\AndroidManifest.xml:59:9-61:52
60            android:name="com.gerop.mpsvue.unitlity.TestActivity_3"
60-->src\main\AndroidManifest.xml:60:13-68
61            android:screenOrientation="portrait" />
61-->src\main\AndroidManifest.xml:61:13-49
62        <activity
62-->src\main\AndroidManifest.xml:62:9-64:52
63            android:name="com.gerop.mpsvue.unitlity.TestActivity_4"
63-->src\main\AndroidManifest.xml:63:13-68
64            android:screenOrientation="portrait" />
64-->src\main\AndroidManifest.xml:64:13-49
65        <activity
65-->src\main\AndroidManifest.xml:65:9-67:52
66            android:name="com.gerop.mpsvue.unitlity.TestActivity_5"
66-->src\main\AndroidManifest.xml:66:13-68
67            android:screenOrientation="portrait" />
67-->src\main\AndroidManifest.xml:67:13-49
68        <activity
68-->src\main\AndroidManifest.xml:68:9-70:52
69            android:name="com.gerop.mpsvue.unitlity.TestActivity_6"
69-->src\main\AndroidManifest.xml:69:13-68
70            android:screenOrientation="portrait" />
70-->src\main\AndroidManifest.xml:70:13-49
71        <activity
71-->src\main\AndroidManifest.xml:71:9-73:52
72            android:name="com.gerop.mpsvue.unitlity.TestActivity_7"
72-->src\main\AndroidManifest.xml:72:13-68
73            android:screenOrientation="portrait" />
73-->src\main\AndroidManifest.xml:73:13-49
74        <activity
74-->src\main\AndroidManifest.xml:74:9-76:52
75            android:name="com.gerop.mpsvue.unitlity.TestActivity_8"
75-->src\main\AndroidManifest.xml:75:13-68
76            android:screenOrientation="portrait" />
76-->src\main\AndroidManifest.xml:76:13-49
77        <activity
77-->src\main\AndroidManifest.xml:77:9-79:52
78            android:name="com.gerop.mpsvue.unitlity.TestActivity_9"
78-->src\main\AndroidManifest.xml:78:13-68
79            android:screenOrientation="portrait" />
79-->src\main\AndroidManifest.xml:79:13-49
80        <activity
80-->src\main\AndroidManifest.xml:80:9-82:52
81            android:name="com.gerop.mpsvue.unitlity.TestActivity_10"
81-->src\main\AndroidManifest.xml:81:13-69
82            android:screenOrientation="portrait" />
82-->src\main\AndroidManifest.xml:82:13-49
83    </application>
84
85</manifest>